<?xml version="1.0" encoding="UTF-8"?>
<testsuite xmlns:xsi="http://www.w3.org/2001/XMLSchema-instance" xsi:noNamespaceSchemaLocation="https://maven.apache.org/surefire/maven-surefire-plugin/xsd/surefire-test-report.xsd" name="com.toures.balon.TouresBalonApiGateway1ApplicationTests" time="14.449" tests="1" errors="0" skipped="0" failures="0">
  <properties>
    <property name="java.specification.version" value="15"/>
    <property name="sun.cpu.isalist" value="amd64"/>
    <property name="sun.jnu.encoding" value="Cp1252"/>
    <property name="java.class.path" value="C:\Users\ALEJO\OneDrive\Toures-balon\toures-balon-api-gateway\target\test-classes;C:\Users\ALEJO\OneDrive\Toures-balon\toures-balon-api-gateway\target\classes;C:\Users\ALEJO\.m2\repository\com\gema\autentication\com.gema.securityclient.springflux\0.0.1\com.gema.securityclient.springflux-0.0.1.jar;C:\Users\ALEJO\.m2\repository\org\springframework\boot\spring-boot-starter-aop\2.2.5.RELEASE\spring-boot-starter-aop-2.2.5.RELEASE.jar;C:\Users\ALEJO\.m2\repository\org\springframework\spring-aop\5.2.4.RELEASE\spring-aop-5.2.4.RELEASE.jar;C:\Users\ALEJO\.m2\repository\org\springframework\spring-beans\5.2.4.RELEASE\spring-beans-5.2.4.RELEASE.jar;C:\Users\ALEJO\.m2\repository\org\aspectj\aspectjweaver\1.9.5\aspectjweaver-1.9.5.jar;C:\Users\ALEJO\.m2\repository\org\springframework\boot\spring-boot-starter-test\2.2.5.RELEASE\spring-boot-starter-test-2.2.5.RELEASE.jar;C:\Users\ALEJO\.m2\repository\org\springframework\boot\spring-boot-starter\2.2.5.RELEASE\spring-boot-starter-2.2.5.RELEASE.jar;C:\Users\ALEJO\.m2\repository\org\springframework\boot\spring-boot\2.2.5.RELEASE\spring-boot-2.2.5.RELEASE.jar;C:\Users\ALEJO\.m2\repository\org\springframework\spring-context\5.2.4.RELEASE\spring-context-5.2.4.RELEASE.jar;C:\Users\ALEJO\.m2\repository\org\springframework\spring-expression\5.2.4.RELEASE\spring-expression-5.2.4.RELEASE.jar;C:\Users\ALEJO\.m2\repository\org\springframework\boot\spring-boot-autoconfigure\2.2.5.RELEASE\spring-boot-autoconfigure-2.2.5.RELEASE.jar;C:\Users\ALEJO\.m2\repository\org\springframework\boot\spring-boot-starter-logging\2.2.5.RELEASE\spring-boot-starter-logging-2.2.5.RELEASE.jar;C:\Users\ALEJO\.m2\repository\ch\qos\logback\logback-classic\1.2.3\logback-classic-1.2.3.jar;C:\Users\ALEJO\.m2\repository\ch\qos\logback\logback-core\1.2.3\logback-core-1.2.3.jar;C:\Users\ALEJO\.m2\repository\org\apache\logging\log4j\log4j-to-slf4j\2.12.1\log4j-to-slf4j-2.12.1.jar;C:\Users\ALEJO\.m2\repository\org\apache\logging\log4j\log4j-api\2.12.1\log4j-api-2.12.1.jar;C:\Users\ALEJO\.m2\repository\org\slf4j\jul-to-slf4j\1.7.30\jul-to-slf4j-1.7.30.jar;C:\Users\ALEJO\.m2\repository\jakarta\annotation\jakarta.annotation-api\1.3.5\jakarta.annotation-api-1.3.5.jar;C:\Users\ALEJO\.m2\repository\org\yaml\snakeyaml\1.25\snakeyaml-1.25.jar;C:\Users\ALEJO\.m2\repository\org\springframework\boot\spring-boot-test\2.2.5.RELEASE\spring-boot-test-2.2.5.RELEASE.jar;C:\Users\ALEJO\.m2\repository\org\springframework\boot\spring-boot-test-autoconfigure\2.2.5.RELEASE\spring-boot-test-autoconfigure-2.2.5.RELEASE.jar;C:\Users\ALEJO\.m2\repository\com\jayway\jsonpath\json-path\2.4.0\json-path-2.4.0.jar;C:\Users\ALEJO\.m2\repository\net\minidev\json-smart\2.3\json-smart-2.3.jar;C:\Users\ALEJO\.m2\repository\net\minidev\accessors-smart\1.2\accessors-smart-1.2.jar;C:\Users\ALEJO\.m2\repository\org\slf4j\slf4j-api\1.7.30\slf4j-api-1.7.30.jar;C:\Users\ALEJO\.m2\repository\jakarta\xml\bind\jakarta.xml.bind-api\2.3.2\jakarta.xml.bind-api-2.3.2.jar;C:\Users\ALEJO\.m2\repository\jakarta\activation\jakarta.activation-api\1.2.2\jakarta.activation-api-1.2.2.jar;C:\Users\ALEJO\.m2\repository\org\junit\jupiter\junit-jupiter\5.5.2\junit-jupiter-5.5.2.jar;C:\Users\ALEJO\.m2\repository\org\junit\jupiter\junit-jupiter-api\5.5.2\junit-jupiter-api-5.5.2.jar;C:\Users\ALEJO\.m2\repository\org\apiguardian\apiguardian-api\1.1.0\apiguardian-api-1.1.0.jar;C:\Users\ALEJO\.m2\repository\org\opentest4j\opentest4j\1.2.0\opentest4j-1.2.0.jar;C:\Users\ALEJO\.m2\repository\org\junit\platform\junit-platform-commons\1.5.2\junit-platform-commons-1.5.2.jar;C:\Users\ALEJO\.m2\repository\org\junit\jupiter\junit-jupiter-params\5.5.2\junit-jupiter-params-5.5.2.jar;C:\Users\ALEJO\.m2\repository\org\junit\jupiter\junit-jupiter-engine\5.5.2\junit-jupiter-engine-5.5.2.jar;C:\Users\ALEJO\.m2\repository\org\junit\platform\junit-platform-engine\1.5.2\junit-platform-engine-1.5.2.jar;C:\Users\ALEJO\.m2\repository\org\mockito\mockito-junit-jupiter\3.1.0\mockito-junit-jupiter-3.1.0.jar;C:\Users\ALEJO\.m2\repository\org\assertj\assertj-core\3.13.2\assertj-core-3.13.2.jar;C:\Users\ALEJO\.m2\repository\org\hamcrest\hamcrest\2.1\hamcrest-2.1.jar;C:\Users\ALEJO\.m2\repository\org\mockito\mockito-core\3.1.0\mockito-core-3.1.0.jar;C:\Users\ALEJO\.m2\repository\net\bytebuddy\byte-buddy\1.10.8\byte-buddy-1.10.8.jar;C:\Users\ALEJO\.m2\repository\net\bytebuddy\byte-buddy-agent\1.10.8\byte-buddy-agent-1.10.8.jar;C:\Users\ALEJO\.m2\repository\org\objenesis\objenesis\2.6\objenesis-2.6.jar;C:\Users\ALEJO\.m2\repository\org\skyscreamer\jsonassert\1.5.0\jsonassert-1.5.0.jar;C:\Users\ALEJO\.m2\repository\com\vaadin\external\google\android-json\0.0.20131108.vaadin1\android-json-0.0.20131108.vaadin1.jar;C:\Users\ALEJO\.m2\repository\org\springframework\spring-core\5.2.4.RELEASE\spring-core-5.2.4.RELEASE.jar;C:\Users\ALEJO\.m2\repository\org\springframework\spring-jcl\5.2.4.RELEASE\spring-jcl-5.2.4.RELEASE.jar;C:\Users\ALEJO\.m2\repository\org\springframework\spring-test\5.2.4.RELEASE\spring-test-5.2.4.RELEASE.jar;C:\Users\ALEJO\.m2\repository\org\xmlunit\xmlunit-core\2.6.3\xmlunit-core-2.6.3.jar;C:\Users\ALEJO\.m2\repository\com\auth0\java-jwt\3.10.0\java-jwt-3.10.0.jar;C:\Users\ALEJO\.m2\repository\com\fasterxml\jackson\core\jackson-databind\2.10.2\jackson-databind-2.10.2.jar;C:\Users\ALEJO\.m2\repository\com\fasterxml\jackson\core\jackson-annotations\2.10.2\jackson-annotations-2.10.2.jar;C:\Users\ALEJO\.m2\repository\com\fasterxml\jackson\core\jackson-core\2.10.2\jackson-core-2.10.2.jar;C:\Users\ALEJO\.m2\repository\commons-codec\commons-codec\1.13\commons-codec-1.13.jar;C:\Users\ALEJO\.m2\repository\org\springframework\cloud\spring-cloud-starter-config\2.2.1.RELEASE\spring-cloud-starter-config-2.2.1.RELEASE.jar;C:\Users\ALEJO\.m2\repository\org\springframework\cloud\spring-cloud-starter\2.2.1.RELEASE\spring-cloud-starter-2.2.1.RELEASE.jar;C:\Users\ALEJO\.m2\repository\org\springframework\cloud\spring-cloud-context\2.2.1.RELEASE\spring-cloud-context-2.2.1.RELEASE.jar;C:\Users\ALEJO\.m2\repository\org\springframework\security\spring-security-crypto\5.2.2.RELEASE\spring-security-crypto-5.2.2.RELEASE.jar;C:\Users\ALEJO\.m2\repository\org\springframework\cloud\spring-cloud-commons\2.2.1.RELEASE\spring-cloud-commons-2.2.1.RELEASE.jar;C:\Users\ALEJO\.m2\repository\org\springframework\security\spring-security-rsa\1.0.9.RELEASE\spring-security-rsa-1.0.9.RELEASE.jar;C:\Users\ALEJO\.m2\repository\org\bouncycastle\bcpkix-jdk15on\1.64\bcpkix-jdk15on-1.64.jar;C:\Users\ALEJO\.m2\repository\org\bouncycastle\bcprov-jdk15on\1.64\bcprov-jdk15on-1.64.jar;C:\Users\ALEJO\.m2\repository\org\springframework\cloud\spring-cloud-config-client\2.2.1.RELEASE\spring-cloud-config-client-2.2.1.RELEASE.jar;C:\Users\ALEJO\.m2\repository\org\springframework\spring-web\5.2.4.RELEASE\spring-web-5.2.4.RELEASE.jar;C:\Users\ALEJO\.m2\repository\org\springframework\cloud\spring-cloud-starter-kubernetes\1.1.1.RELEASE\spring-cloud-starter-kubernetes-1.1.1.RELEASE.jar;C:\Users\ALEJO\.m2\repository\org\springframework\cloud\spring-cloud-kubernetes-core\1.1.1.RELEASE\spring-cloud-kubernetes-core-1.1.1.RELEASE.jar;C:\Users\ALEJO\.m2\repository\io\fabric8\kubernetes-client\4.4.1\kubernetes-client-4.4.1.jar;C:\Users\ALEJO\.m2\repository\io\fabric8\kubernetes-model\4.4.1\kubernetes-model-4.4.1.jar;C:\Users\ALEJO\.m2\repository\io\fabric8\kubernetes-model-common\4.4.1\kubernetes-model-common-4.4.1.jar;C:\Users\ALEJO\.m2\repository\com\fasterxml\jackson\module\jackson-module-jaxb-annotations\2.10.2\jackson-module-jaxb-annotations-2.10.2.jar;C:\Users\ALEJO\.m2\repository\javax\validation\validation-api\2.0.1.Final\validation-api-2.0.1.Final.jar;C:\Users\ALEJO\.m2\repository\org\glassfish\javax.el\3.0.1-b11\javax.el-3.0.1-b11.jar;C:\Users\ALEJO\.m2\repository\javax\annotation\javax.annotation-api\1.3.2\javax.annotation-api-1.3.2.jar;C:\Users\ALEJO\.m2\repository\javax\xml\bind\jaxb-api\2.3.1\jaxb-api-2.3.1.jar;C:\Users\ALEJO\.m2\repository\javax\activation\javax.activation-api\1.2.0\javax.activation-api-1.2.0.jar;C:\Users\ALEJO\.m2\repository\com\squareup\okhttp3\okhttp\3.14.7\okhttp-3.14.7.jar;C:\Users\ALEJO\.m2\repository\com\squareup\okio\okio\1.17.2\okio-1.17.2.jar;C:\Users\ALEJO\.m2\repository\com\squareup\okhttp3\logging-interceptor\3.14.7\logging-interceptor-3.14.7.jar;C:\Users\ALEJO\.m2\repository\com\fasterxml\jackson\dataformat\jackson-dataformat-yaml\2.10.2\jackson-dataformat-yaml-2.10.2.jar;C:\Users\ALEJO\.m2\repository\io\fabric8\zjsonpatch\0.3.0\zjsonpatch-0.3.0.jar;C:\Users\ALEJO\.m2\repository\com\github\mifmif\generex\1.0.2\generex-1.0.2.jar;C:\Users\ALEJO\.m2\repository\dk\brics\automaton\automaton\1.11-8\automaton-1.11-8.jar;C:\Users\ALEJO\.m2\repository\org\springframework\cloud\spring-cloud-kubernetes-discovery\1.1.1.RELEASE\spring-cloud-kubernetes-discovery-1.1.1.RELEASE.jar;C:\Users\ALEJO\.m2\repository\org\springframework\cloud\spring-cloud-starter-zipkin\2.2.1.RELEASE\spring-cloud-starter-zipkin-2.2.1.RELEASE.jar;C:\Users\ALEJO\.m2\repository\org\springframework\cloud\spring-cloud-starter-sleuth\2.2.1.RELEASE\spring-cloud-starter-sleuth-2.2.1.RELEASE.jar;C:\Users\ALEJO\.m2\repository\org\springframework\cloud\spring-cloud-sleuth-core\2.2.1.RELEASE\spring-cloud-sleuth-core-2.2.1.RELEASE.jar;C:\Users\ALEJO\.m2\repository\org\aspectj\aspectjrt\1.9.5\aspectjrt-1.9.5.jar;C:\Users\ALEJO\.m2\repository\io\zipkin\brave\brave\5.9.0\brave-5.9.0.jar;C:\Users\ALEJO\.m2\repository\io\zipkin\brave\brave-context-log4j2\5.9.0\brave-context-log4j2-5.9.0.jar;C:\Users\ALEJO\.m2\repository\io\zipkin\brave\brave-instrumentation-messaging\5.9.0\brave-instrumentation-messaging-5.9.0.jar;C:\Users\ALEJO\.m2\repository\io\zipkin\brave\brave-instrumentation-rpc\5.9.0\brave-instrumentation-rpc-5.9.0.jar;C:\Users\ALEJO\.m2\repository\io\zipkin\brave\brave-instrumentation-spring-web\5.9.0\brave-instrumentation-spring-web-5.9.0.jar;C:\Users\ALEJO\.m2\repository\io\zipkin\brave\brave-instrumentation-http\5.9.0\brave-instrumentation-http-5.9.0.jar;C:\Users\ALEJO\.m2\repository\io\zipkin\brave\brave-instrumentation-spring-rabbit\5.9.0\brave-instrumentation-spring-rabbit-5.9.0.jar;C:\Users\ALEJO\.m2\repository\io\zipkin\brave\brave-instrumentation-kafka-clients\5.9.0\brave-instrumentation-kafka-clients-5.9.0.jar;C:\Users\ALEJO\.m2\repository\io\zipkin\brave\brave-instrumentation-kafka-streams\5.9.0\brave-instrumentation-kafka-streams-5.9.0.jar;C:\Users\ALEJO\.m2\repository\io\zipkin\brave\brave-instrumentation-httpclient\5.9.0\brave-instrumentation-httpclient-5.9.0.jar;C:\Users\ALEJO\.m2\repository\io\zipkin\brave\brave-instrumentation-httpasyncclient\5.9.0\brave-instrumentation-httpasyncclient-5.9.0.jar;C:\Users\ALEJO\.m2\repository\io\zipkin\brave\brave-instrumentation-spring-webmvc\5.9.0\brave-instrumentation-spring-webmvc-5.9.0.jar;C:\Users\ALEJO\.m2\repository\io\zipkin\brave\brave-instrumentation-servlet\5.9.0\brave-instrumentation-servlet-5.9.0.jar;C:\Users\ALEJO\.m2\repository\io\zipkin\brave\brave-instrumentation-jms\5.9.0\brave-instrumentation-jms-5.9.0.jar;C:\Users\ALEJO\.m2\repository\io\zipkin\reporter2\zipkin-reporter-metrics-micrometer\2.11.0\zipkin-reporter-metrics-micrometer-2.11.0.jar;C:\Users\ALEJO\.m2\repository\org\springframework\cloud\spring-cloud-sleuth-zipkin\2.2.1.RELEASE\spring-cloud-sleuth-zipkin-2.2.1.RELEASE.jar;C:\Users\ALEJO\.m2\repository\io\zipkin\zipkin2\zipkin\2.19.0\zipkin-2.19.0.jar;C:\Users\ALEJO\.m2\repository\io\zipkin\reporter2\zipkin-reporter\2.11.0\zipkin-reporter-2.11.0.jar;C:\Users\ALEJO\.m2\repository\io\zipkin\reporter2\zipkin-sender-kafka\2.11.0\zipkin-sender-kafka-2.11.0.jar;C:\Users\ALEJO\.m2\repository\io\zipkin\reporter2\zipkin-sender-activemq-client\2.11.0\zipkin-sender-activemq-client-2.11.0.jar;C:\Users\ALEJO\.m2\repository\io\zipkin\reporter2\zipkin-sender-amqp-client\2.11.0\zipkin-sender-amqp-client-2.11.0.jar;C:\Users\ALEJO\.m2\repository\org\projectlombok\lombok\1.18.12\lombok-1.18.12.jar;C:\Users\ALEJO\.m2\repository\org\springframework\cloud\spring-cloud-starter-gateway\2.2.1.RELEASE\spring-cloud-starter-gateway-2.2.1.RELEASE.jar;C:\Users\ALEJO\.m2\repository\org\springframework\cloud\spring-cloud-gateway-core\2.2.1.RELEASE\spring-cloud-gateway-core-2.2.1.RELEASE.jar;C:\Users\ALEJO\.m2\repository\io\projectreactor\addons\reactor-extra\3.3.2.RELEASE\reactor-extra-3.3.2.RELEASE.jar;C:\Users\ALEJO\.m2\repository\io\projectreactor\reactor-core\3.3.3.RELEASE\reactor-core-3.3.3.RELEASE.jar;C:\Users\ALEJO\.m2\repository\org\springframework\boot\spring-boot-starter-webflux\2.2.5.RELEASE\spring-boot-starter-webflux-2.2.5.RELEASE.jar;C:\Users\ALEJO\.m2\repository\org\springframework\boot\spring-boot-starter-json\2.2.5.RELEASE\spring-boot-starter-json-2.2.5.RELEASE.jar;C:\Users\ALEJO\.m2\repository\com\fasterxml\jackson\datatype\jackson-datatype-jdk8\2.10.2\jackson-datatype-jdk8-2.10.2.jar;C:\Users\ALEJO\.m2\repository\com\fasterxml\jackson\datatype\jackson-datatype-jsr310\2.10.2\jackson-datatype-jsr310-2.10.2.jar;C:\Users\ALEJO\.m2\repository\com\fasterxml\jackson\module\jackson-module-parameter-names\2.10.2\jackson-module-parameter-names-2.10.2.jar;C:\Users\ALEJO\.m2\repository\org\springframework\boot\spring-boot-starter-reactor-netty\2.2.5.RELEASE\spring-boot-starter-reactor-netty-2.2.5.RELEASE.jar;C:\Users\ALEJO\.m2\repository\io\projectreactor\netty\reactor-netty\0.9.5.RELEASE\reactor-netty-0.9.5.RELEASE.jar;C:\Users\ALEJO\.m2\repository\io\netty\netty-codec-http\4.1.45.Final\netty-codec-http-4.1.45.Final.jar;C:\Users\ALEJO\.m2\repository\io\netty\netty-common\4.1.45.Final\netty-common-4.1.45.Final.jar;C:\Users\ALEJO\.m2\repository\io\netty\netty-buffer\4.1.45.Final\netty-buffer-4.1.45.Final.jar;C:\Users\ALEJO\.m2\repository\io\netty\netty-transport\4.1.45.Final\netty-transport-4.1.45.Final.jar;C:\Users\ALEJO\.m2\repository\io\netty\netty-resolver\4.1.45.Final\netty-resolver-4.1.45.Final.jar;C:\Users\ALEJO\.m2\repository\io\netty\netty-codec\4.1.45.Final\netty-codec-4.1.45.Final.jar;C:\Users\ALEJO\.m2\repository\io\netty\netty-codec-http2\4.1.45.Final\netty-codec-http2-4.1.45.Final.jar;C:\Users\ALEJO\.m2\repository\io\netty\netty-handler\4.1.45.Final\netty-handler-4.1.45.Final.jar;C:\Users\ALEJO\.m2\repository\io\netty\netty-handler-proxy\4.1.45.Final\netty-handler-proxy-4.1.45.Final.jar;C:\Users\ALEJO\.m2\repository\io\netty\netty-codec-socks\4.1.45.Final\netty-codec-socks-4.1.45.Final.jar;C:\Users\ALEJO\.m2\repository\io\netty\netty-transport-native-epoll\4.1.45.Final\netty-transport-native-epoll-4.1.45.Final-linux-x86_64.jar;C:\Users\ALEJO\.m2\repository\io\netty\netty-transport-native-unix-common\4.1.45.Final\netty-transport-native-unix-common-4.1.45.Final.jar;C:\Users\ALEJO\.m2\repository\org\glassfish\jakarta.el\3.0.3\jakarta.el-3.0.3.jar;C:\Users\ALEJO\.m2\repository\org\springframework\boot\spring-boot-starter-validation\2.2.5.RELEASE\spring-boot-starter-validation-2.2.5.RELEASE.jar;C:\Users\ALEJO\.m2\repository\jakarta\validation\jakarta.validation-api\2.0.2\jakarta.validation-api-2.0.2.jar;C:\Users\ALEJO\.m2\repository\org\hibernate\validator\hibernate-validator\6.0.18.Final\hibernate-validator-6.0.18.Final.jar;C:\Users\ALEJO\.m2\repository\org\jboss\logging\jboss-logging\3.4.1.Final\jboss-logging-3.4.1.Final.jar;C:\Users\ALEJO\.m2\repository\com\fasterxml\classmate\1.5.1\classmate-1.5.1.jar;C:\Users\ALEJO\.m2\repository\org\springframework\spring-webflux\5.2.4.RELEASE\spring-webflux-5.2.4.RELEASE.jar;C:\Users\ALEJO\.m2\repository\org\synchronoss\cloud\nio-multipart-parser\1.1.0\nio-multipart-parser-1.1.0.jar;C:\Users\ALEJO\.m2\repository\org\synchronoss\cloud\nio-stream-storage\1.1.3\nio-stream-storage-1.1.3.jar;C:\Users\ALEJO\.m2\repository\org\springframework\boot\spring-boot-configuration-processor\2.2.5.RELEASE\spring-boot-configuration-processor-2.2.5.RELEASE.jar;C:\Users\ALEJO\.m2\repository\org\springframework\cloud\spring-cloud-starter-netflix-hystrix\2.2.1.RELEASE\spring-cloud-starter-netflix-hystrix-2.2.1.RELEASE.jar;C:\Users\ALEJO\.m2\repository\org\springframework\cloud\spring-cloud-netflix-hystrix\2.2.1.RELEASE\spring-cloud-netflix-hystrix-2.2.1.RELEASE.jar;C:\Users\ALEJO\.m2\repository\org\springframework\cloud\spring-cloud-netflix-ribbon\2.2.1.RELEASE\spring-cloud-netflix-ribbon-2.2.1.RELEASE.jar;C:\Users\ALEJO\.m2\repository\org\springframework\cloud\spring-cloud-netflix-archaius\2.2.1.RELEASE\spring-cloud-netflix-archaius-2.2.1.RELEASE.jar;C:\Users\ALEJO\.m2\repository\org\springframework\cloud\spring-cloud-starter-netflix-archaius\2.2.1.RELEASE\spring-cloud-starter-netflix-archaius-2.2.1.RELEASE.jar;C:\Users\ALEJO\.m2\repository\com\netflix\archaius\archaius-core\0.7.6\archaius-core-0.7.6.jar;C:\Users\ALEJO\.m2\repository\com\google\code\findbugs\jsr305\3.0.1\jsr305-3.0.1.jar;C:\Users\ALEJO\.m2\repository\commons-configuration\commons-configuration\1.8\commons-configuration-1.8.jar;C:\Users\ALEJO\.m2\repository\commons-lang\commons-lang\2.6\commons-lang-2.6.jar;C:\Users\ALEJO\.m2\repository\com\netflix\hystrix\hystrix-core\1.5.18\hystrix-core-1.5.18.jar;C:\Users\ALEJO\.m2\repository\io\reactivex\rxjava\1.3.8\rxjava-1.3.8.jar;C:\Users\ALEJO\.m2\repository\org\hdrhistogram\HdrHistogram\2.1.9\HdrHistogram-2.1.9.jar;C:\Users\ALEJO\.m2\repository\com\netflix\hystrix\hystrix-serialization\1.5.18\hystrix-serialization-1.5.18.jar;C:\Users\ALEJO\.m2\repository\com\fasterxml\jackson\module\jackson-module-afterburner\2.10.2\jackson-module-afterburner-2.10.2.jar;C:\Users\ALEJO\.m2\repository\com\netflix\hystrix\hystrix-metrics-event-stream\1.5.18\hystrix-metrics-event-stream-1.5.18.jar;C:\Users\ALEJO\.m2\repository\com\netflix\hystrix\hystrix-javanica\1.5.18\hystrix-javanica-1.5.18.jar;C:\Users\ALEJO\.m2\repository\org\apache\commons\commons-lang3\3.9\commons-lang3-3.9.jar;C:\Users\ALEJO\.m2\repository\org\ow2\asm\asm\5.0.4\asm-5.0.4.jar;C:\Users\ALEJO\.m2\repository\com\google\guava\guava\15.0\guava-15.0.jar;C:\Users\ALEJO\.m2\repository\io\reactivex\rxjava-reactive-streams\1.2.1\rxjava-reactive-streams-1.2.1.jar;C:\Users\ALEJO\.m2\repository\org\reactivestreams\reactive-streams\1.0.3\reactive-streams-1.0.3.jar;"/>
    <property name="java.vm.vendor" value="Oracle Corporation"/>
    <property name="sun.arch.data.model" value="64"/>
    <property name="user.variant" value=""/>
    <property name="java.vendor.url" value="https://java.oracle.com/"/>
    <property name="user.timezone" value="America/Bogota"/>
    <property name="os.name" value="Windows 10"/>
    <property name="java.vm.specification.version" value="15"/>
    <property name="sun.java.launcher" value="SUN_STANDARD"/>
    <property name="user.country" value="CO"/>
    <property name="sun.boot.library.path" value="C:\Program Files\Java\jdk-15\bin"/>
    <property name="sun.java.command" value="C:\Users\ALEJO\AppData\Local\Temp\surefire11118575490979359755\surefirebooter2642873284890631154.jar C:\Users\ALEJO\AppData\Local\Temp\surefire11118575490979359755 2020-06-05T00-10-03_838-jvmRun1 surefire11093509035178251189tmp surefire_014474310056831719448tmp"/>
    <property name="jdk.debug" value="release"/>
    <property name="surefire.test.class.path" value="C:\Users\ALEJO\OneDrive\Toures-balon\toures-balon-api-gateway\target\test-classes;C:\Users\ALEJO\OneDrive\Toures-balon\toures-balon-api-gateway\target\classes;C:\Users\ALEJO\.m2\repository\com\gema\autentication\com.gema.securityclient.springflux\0.0.1\com.gema.securityclient.springflux-0.0.1.jar;C:\Users\ALEJO\.m2\repository\org\springframework\boot\spring-boot-starter-aop\2.2.5.RELEASE\spring-boot-starter-aop-2.2.5.RELEASE.jar;C:\Users\ALEJO\.m2\repository\org\springframework\spring-aop\5.2.4.RELEASE\spring-aop-5.2.4.RELEASE.jar;C:\Users\ALEJO\.m2\repository\org\springframework\spring-beans\5.2.4.RELEASE\spring-beans-5.2.4.RELEASE.jar;C:\Users\ALEJO\.m2\repository\org\aspectj\aspectjweaver\1.9.5\aspectjweaver-1.9.5.jar;C:\Users\ALEJO\.m2\repository\org\springframework\boot\spring-boot-starter-test\2.2.5.RELEASE\spring-boot-starter-test-2.2.5.RELEASE.jar;C:\Users\ALEJO\.m2\repository\org\springframework\boot\spring-boot-starter\2.2.5.RELEASE\spring-boot-starter-2.2.5.RELEASE.jar;C:\Users\ALEJO\.m2\repository\org\springframework\boot\spring-boot\2.2.5.RELEASE\spring-boot-2.2.5.RELEASE.jar;C:\Users\ALEJO\.m2\repository\org\springframework\spring-context\5.2.4.RELEASE\spring-context-5.2.4.RELEASE.jar;C:\Users\ALEJO\.m2\repository\org\springframework\spring-expression\5.2.4.RELEASE\spring-expression-5.2.4.RELEASE.jar;C:\Users\ALEJO\.m2\repository\org\springframework\boot\spring-boot-autoconfigure\2.2.5.RELEASE\spring-boot-autoconfigure-2.2.5.RELEASE.jar;C:\Users\ALEJO\.m2\repository\org\springframework\boot\spring-boot-starter-logging\2.2.5.RELEASE\spring-boot-starter-logging-2.2.5.RELEASE.jar;C:\Users\ALEJO\.m2\repository\ch\qos\logback\logback-classic\1.2.3\logback-classic-1.2.3.jar;C:\Users\ALEJO\.m2\repository\ch\qos\logback\logback-core\1.2.3\logback-core-1.2.3.jar;C:\Users\ALEJO\.m2\repository\org\apache\logging\log4j\log4j-to-slf4j\2.12.1\log4j-to-slf4j-2.12.1.jar;C:\Users\ALEJO\.m2\repository\org\apache\logging\log4j\log4j-api\2.12.1\log4j-api-2.12.1.jar;C:\Users\ALEJO\.m2\repository\org\slf4j\jul-to-slf4j\1.7.30\jul-to-slf4j-1.7.30.jar;C:\Users\ALEJO\.m2\repository\jakarta\annotation\jakarta.annotation-api\1.3.5\jakarta.annotation-api-1.3.5.jar;C:\Users\ALEJO\.m2\repository\org\yaml\snakeyaml\1.25\snakeyaml-1.25.jar;C:\Users\ALEJO\.m2\repository\org\springframework\boot\spring-boot-test\2.2.5.RELEASE\spring-boot-test-2.2.5.RELEASE.jar;C:\Users\ALEJO\.m2\repository\org\springframework\boot\spring-boot-test-autoconfigure\2.2.5.RELEASE\spring-boot-test-autoconfigure-2.2.5.RELEASE.jar;C:\Users\ALEJO\.m2\repository\com\jayway\jsonpath\json-path\2.4.0\json-path-2.4.0.jar;C:\Users\ALEJO\.m2\repository\net\minidev\json-smart\2.3\json-smart-2.3.jar;C:\Users\ALEJO\.m2\repository\net\minidev\accessors-smart\1.2\accessors-smart-1.2.jar;C:\Users\ALEJO\.m2\repository\org\slf4j\slf4j-api\1.7.30\slf4j-api-1.7.30.jar;C:\Users\ALEJO\.m2\repository\jakarta\xml\bind\jakarta.xml.bind-api\2.3.2\jakarta.xml.bind-api-2.3.2.jar;C:\Users\ALEJO\.m2\repository\jakarta\activation\jakarta.activation-api\1.2.2\jakarta.activation-api-1.2.2.jar;C:\Users\ALEJO\.m2\repository\org\junit\jupiter\junit-jupiter\5.5.2\junit-jupiter-5.5.2.jar;C:\Users\ALEJO\.m2\repository\org\junit\jupiter\junit-jupiter-api\5.5.2\junit-jupiter-api-5.5.2.jar;C:\Users\ALEJO\.m2\repository\org\apiguardian\apiguardian-api\1.1.0\apiguardian-api-1.1.0.jar;C:\Users\ALEJO\.m2\repository\org\opentest4j\opentest4j\1.2.0\opentest4j-1.2.0.jar;C:\Users\ALEJO\.m2\repository\org\junit\platform\junit-platform-commons\1.5.2\junit-platform-commons-1.5.2.jar;C:\Users\ALEJO\.m2\repository\org\junit\jupiter\junit-jupiter-params\5.5.2\junit-jupiter-params-5.5.2.jar;C:\Users\ALEJO\.m2\repository\org\junit\jupiter\junit-jupiter-engine\5.5.2\junit-jupiter-engine-5.5.2.jar;C:\Users\ALEJO\.m2\repository\org\junit\platform\junit-platform-engine\1.5.2\junit-platform-engine-1.5.2.jar;C:\Users\ALEJO\.m2\repository\org\mockito\mockito-junit-jupiter\3.1.0\mockito-junit-jupiter-3.1.0.jar;C:\Users\ALEJO\.m2\repository\org\assertj\assertj-core\3.13.2\assertj-core-3.13.2.jar;C:\Users\ALEJO\.m2\repository\org\hamcrest\hamcrest\2.1\hamcrest-2.1.jar;C:\Users\ALEJO\.m2\repository\org\mockito\mockito-core\3.1.0\mockito-core-3.1.0.jar;C:\Users\ALEJO\.m2\repository\net\bytebuddy\byte-buddy\1.10.8\byte-buddy-1.10.8.jar;C:\Users\ALEJO\.m2\repository\net\bytebuddy\byte-buddy-agent\1.10.8\byte-buddy-agent-1.10.8.jar;C:\Users\ALEJO\.m2\repository\org\objenesis\objenesis\2.6\objenesis-2.6.jar;C:\Users\ALEJO\.m2\repository\org\skyscreamer\jsonassert\1.5.0\jsonassert-1.5.0.jar;C:\Users\ALEJO\.m2\repository\com\vaadin\external\google\android-json\0.0.20131108.vaadin1\android-json-0.0.20131108.vaadin1.jar;C:\Users\ALEJO\.m2\repository\org\springframework\spring-core\5.2.4.RELEASE\spring-core-5.2.4.RELEASE.jar;C:\Users\ALEJO\.m2\repository\org\springframework\spring-jcl\5.2.4.RELEASE\spring-jcl-5.2.4.RELEASE.jar;C:\Users\ALEJO\.m2\repository\org\springframework\spring-test\5.2.4.RELEASE\spring-test-5.2.4.RELEASE.jar;C:\Users\ALEJO\.m2\repository\org\xmlunit\xmlunit-core\2.6.3\xmlunit-core-2.6.3.jar;C:\Users\ALEJO\.m2\repository\com\auth0\java-jwt\3.10.0\java-jwt-3.10.0.jar;C:\Users\ALEJO\.m2\repository\com\fasterxml\jackson\core\jackson-databind\2.10.2\jackson-databind-2.10.2.jar;C:\Users\ALEJO\.m2\repository\com\fasterxml\jackson\core\jackson-annotations\2.10.2\jackson-annotations-2.10.2.jar;C:\Users\ALEJO\.m2\repository\com\fasterxml\jackson\core\jackson-core\2.10.2\jackson-core-2.10.2.jar;C:\Users\ALEJO\.m2\repository\commons-codec\commons-codec\1.13\commons-codec-1.13.jar;C:\Users\ALEJO\.m2\repository\org\springframework\cloud\spring-cloud-starter-config\2.2.1.RELEASE\spring-cloud-starter-config-2.2.1.RELEASE.jar;C:\Users\ALEJO\.m2\repository\org\springframework\cloud\spring-cloud-starter\2.2.1.RELEASE\spring-cloud-starter-2.2.1.RELEASE.jar;C:\Users\ALEJO\.m2\repository\org\springframework\cloud\spring-cloud-context\2.2.1.RELEASE\spring-cloud-context-2.2.1.RELEASE.jar;C:\Users\ALEJO\.m2\repository\org\springframework\security\spring-security-crypto\5.2.2.RELEASE\spring-security-crypto-5.2.2.RELEASE.jar;C:\Users\ALEJO\.m2\repository\org\springframework\cloud\spring-cloud-commons\2.2.1.RELEASE\spring-cloud-commons-2.2.1.RELEASE.jar;C:\Users\ALEJO\.m2\repository\org\springframework\security\spring-security-rsa\1.0.9.RELEASE\spring-security-rsa-1.0.9.RELEASE.jar;C:\Users\ALEJO\.m2\repository\org\bouncycastle\bcpkix-jdk15on\1.64\bcpkix-jdk15on-1.64.jar;C:\Users\ALEJO\.m2\repository\org\bouncycastle\bcprov-jdk15on\1.64\bcprov-jdk15on-1.64.jar;C:\Users\ALEJO\.m2\repository\org\springframework\cloud\spring-cloud-config-client\2.2.1.RELEASE\spring-cloud-config-client-2.2.1.RELEASE.jar;C:\Users\ALEJO\.m2\repository\org\springframework\spring-web\5.2.4.RELEASE\spring-web-5.2.4.RELEASE.jar;C:\Users\ALEJO\.m2\repository\org\springframework\cloud\spring-cloud-starter-kubernetes\1.1.1.RELEASE\spring-cloud-starter-kubernetes-1.1.1.RELEASE.jar;C:\Users\ALEJO\.m2\repository\org\springframework\cloud\spring-cloud-kubernetes-core\1.1.1.RELEASE\spring-cloud-kubernetes-core-1.1.1.RELEASE.jar;C:\Users\ALEJO\.m2\repository\io\fabric8\kubernetes-client\4.4.1\kubernetes-client-4.4.1.jar;C:\Users\ALEJO\.m2\repository\io\fabric8\kubernetes-model\4.4.1\kubernetes-model-4.4.1.jar;C:\Users\ALEJO\.m2\repository\io\fabric8\kubernetes-model-common\4.4.1\kubernetes-model-common-4.4.1.jar;C:\Users\ALEJO\.m2\repository\com\fasterxml\jackson\module\jackson-module-jaxb-annotations\2.10.2\jackson-module-jaxb-annotations-2.10.2.jar;C:\Users\ALEJO\.m2\repository\javax\validation\validation-api\2.0.1.Final\validation-api-2.0.1.Final.jar;C:\Users\ALEJO\.m2\repository\org\glassfish\javax.el\3.0.1-b11\javax.el-3.0.1-b11.jar;C:\Users\ALEJO\.m2\repository\javax\annotation\javax.annotation-api\1.3.2\javax.annotation-api-1.3.2.jar;C:\Users\ALEJO\.m2\repository\javax\xml\bind\jaxb-api\2.3.1\jaxb-api-2.3.1.jar;C:\Users\ALEJO\.m2\repository\javax\activation\javax.activation-api\1.2.0\javax.activation-api-1.2.0.jar;C:\Users\ALEJO\.m2\repository\com\squareup\okhttp3\okhttp\3.14.7\okhttp-3.14.7.jar;C:\Users\ALEJO\.m2\repository\com\squareup\okio\okio\1.17.2\okio-1.17.2.jar;C:\Users\ALEJO\.m2\repository\com\squareup\okhttp3\logging-interceptor\3.14.7\logging-interceptor-3.14.7.jar;C:\Users\ALEJO\.m2\repository\com\fasterxml\jackson\dataformat\jackson-dataformat-yaml\2.10.2\jackson-dataformat-yaml-2.10.2.jar;C:\Users\ALEJO\.m2\repository\io\fabric8\zjsonpatch\0.3.0\zjsonpatch-0.3.0.jar;C:\Users\ALEJO\.m2\repository\com\github\mifmif\generex\1.0.2\generex-1.0.2.jar;C:\Users\ALEJO\.m2\repository\dk\brics\automaton\automaton\1.11-8\automaton-1.11-8.jar;C:\Users\ALEJO\.m2\repository\org\springframework\cloud\spring-cloud-kubernetes-discovery\1.1.1.RELEASE\spring-cloud-kubernetes-discovery-1.1.1.RELEASE.jar;C:\Users\ALEJO\.m2\repository\org\springframework\cloud\spring-cloud-starter-zipkin\2.2.1.RELEASE\spring-cloud-starter-zipkin-2.2.1.RELEASE.jar;C:\Users\ALEJO\.m2\repository\org\springframework\cloud\spring-cloud-starter-sleuth\2.2.1.RELEASE\spring-cloud-starter-sleuth-2.2.1.RELEASE.jar;C:\Users\ALEJO\.m2\repository\org\springframework\cloud\spring-cloud-sleuth-core\2.2.1.RELEASE\spring-cloud-sleuth-core-2.2.1.RELEASE.jar;C:\Users\ALEJO\.m2\repository\org\aspectj\aspectjrt\1.9.5\aspectjrt-1.9.5.jar;C:\Users\ALEJO\.m2\repository\io\zipkin\brave\brave\5.9.0\brave-5.9.0.jar;C:\Users\ALEJO\.m2\repository\io\zipkin\brave\brave-context-log4j2\5.9.0\brave-context-log4j2-5.9.0.jar;C:\Users\ALEJO\.m2\repository\io\zipkin\brave\brave-instrumentation-messaging\5.9.0\brave-instrumentation-messaging-5.9.0.jar;C:\Users\ALEJO\.m2\repository\io\zipkin\brave\brave-instrumentation-rpc\5.9.0\brave-instrumentation-rpc-5.9.0.jar;C:\Users\ALEJO\.m2\repository\io\zipkin\brave\brave-instrumentation-spring-web\5.9.0\brave-instrumentation-spring-web-5.9.0.jar;C:\Users\ALEJO\.m2\repository\io\zipkin\brave\brave-instrumentation-http\5.9.0\brave-instrumentation-http-5.9.0.jar;C:\Users\ALEJO\.m2\repository\io\zipkin\brave\brave-instrumentation-spring-rabbit\5.9.0\brave-instrumentation-spring-rabbit-5.9.0.jar;C:\Users\ALEJO\.m2\repository\io\zipkin\brave\brave-instrumentation-kafka-clients\5.9.0\brave-instrumentation-kafka-clients-5.9.0.jar;C:\Users\ALEJO\.m2\repository\io\zipkin\brave\brave-instrumentation-kafka-streams\5.9.0\brave-instrumentation-kafka-streams-5.9.0.jar;C:\Users\ALEJO\.m2\repository\io\zipkin\brave\brave-instrumentation-httpclient\5.9.0\brave-instrumentation-httpclient-5.9.0.jar;C:\Users\ALEJO\.m2\repository\io\zipkin\brave\brave-instrumentation-httpasyncclient\5.9.0\brave-instrumentation-httpasyncclient-5.9.0.jar;C:\Users\ALEJO\.m2\repository\io\zipkin\brave\brave-instrumentation-spring-webmvc\5.9.0\brave-instrumentation-spring-webmvc-5.9.0.jar;C:\Users\ALEJO\.m2\repository\io\zipkin\brave\brave-instrumentation-servlet\5.9.0\brave-instrumentation-servlet-5.9.0.jar;C:\Users\ALEJO\.m2\repository\io\zipkin\brave\brave-instrumentation-jms\5.9.0\brave-instrumentation-jms-5.9.0.jar;C:\Users\ALEJO\.m2\repository\io\zipkin\reporter2\zipkin-reporter-metrics-micrometer\2.11.0\zipkin-reporter-metrics-micrometer-2.11.0.jar;C:\Users\ALEJO\.m2\repository\org\springframework\cloud\spring-cloud-sleuth-zipkin\2.2.1.RELEASE\spring-cloud-sleuth-zipkin-2.2.1.RELEASE.jar;C:\Users\ALEJO\.m2\repository\io\zipkin\zipkin2\zipkin\2.19.0\zipkin-2.19.0.jar;C:\Users\ALEJO\.m2\repository\io\zipkin\reporter2\zipkin-reporter\2.11.0\zipkin-reporter-2.11.0.jar;C:\Users\ALEJO\.m2\repository\io\zipkin\reporter2\zipkin-sender-kafka\2.11.0\zipkin-sender-kafka-2.11.0.jar;C:\Users\ALEJO\.m2\repository\io\zipkin\reporter2\zipkin-sender-activemq-client\2.11.0\zipkin-sender-activemq-client-2.11.0.jar;C:\Users\ALEJO\.m2\repository\io\zipkin\reporter2\zipkin-sender-amqp-client\2.11.0\zipkin-sender-amqp-client-2.11.0.jar;C:\Users\ALEJO\.m2\repository\org\projectlombok\lombok\1.18.12\lombok-1.18.12.jar;C:\Users\ALEJO\.m2\repository\org\springframework\cloud\spring-cloud-starter-gateway\2.2.1.RELEASE\spring-cloud-starter-gateway-2.2.1.RELEASE.jar;C:\Users\ALEJO\.m2\repository\org\springframework\cloud\spring-cloud-gateway-core\2.2.1.RELEASE\spring-cloud-gateway-core-2.2.1.RELEASE.jar;C:\Users\ALEJO\.m2\repository\io\projectreactor\addons\reactor-extra\3.3.2.RELEASE\reactor-extra-3.3.2.RELEASE.jar;C:\Users\ALEJO\.m2\repository\io\projectreactor\reactor-core\3.3.3.RELEASE\reactor-core-3.3.3.RELEASE.jar;C:\Users\ALEJO\.m2\repository\org\springframework\boot\spring-boot-starter-webflux\2.2.5.RELEASE\spring-boot-starter-webflux-2.2.5.RELEASE.jar;C:\Users\ALEJO\.m2\repository\org\springframework\boot\spring-boot-starter-json\2.2.5.RELEASE\spring-boot-starter-json-2.2.5.RELEASE.jar;C:\Users\ALEJO\.m2\repository\com\fasterxml\jackson\datatype\jackson-datatype-jdk8\2.10.2\jackson-datatype-jdk8-2.10.2.jar;C:\Users\ALEJO\.m2\repository\com\fasterxml\jackson\datatype\jackson-datatype-jsr310\2.10.2\jackson-datatype-jsr310-2.10.2.jar;C:\Users\ALEJO\.m2\repository\com\fasterxml\jackson\module\jackson-module-parameter-names\2.10.2\jackson-module-parameter-names-2.10.2.jar;C:\Users\ALEJO\.m2\repository\org\springframework\boot\spring-boot-starter-reactor-netty\2.2.5.RELEASE\spring-boot-starter-reactor-netty-2.2.5.RELEASE.jar;C:\Users\ALEJO\.m2\repository\io\projectreactor\netty\reactor-netty\0.9.5.RELEASE\reactor-netty-0.9.5.RELEASE.jar;C:\Users\ALEJO\.m2\repository\io\netty\netty-codec-http\4.1.45.Final\netty-codec-http-4.1.45.Final.jar;C:\Users\ALEJO\.m2\repository\io\netty\netty-common\4.1.45.Final\netty-common-4.1.45.Final.jar;C:\Users\ALEJO\.m2\repository\io\netty\netty-buffer\4.1.45.Final\netty-buffer-4.1.45.Final.jar;C:\Users\ALEJO\.m2\repository\io\netty\netty-transport\4.1.45.Final\netty-transport-4.1.45.Final.jar;C:\Users\ALEJO\.m2\repository\io\netty\netty-resolver\4.1.45.Final\netty-resolver-4.1.45.Final.jar;C:\Users\ALEJO\.m2\repository\io\netty\netty-codec\4.1.45.Final\netty-codec-4.1.45.Final.jar;C:\Users\ALEJO\.m2\repository\io\netty\netty-codec-http2\4.1.45.Final\netty-codec-http2-4.1.45.Final.jar;C:\Users\ALEJO\.m2\repository\io\netty\netty-handler\4.1.45.Final\netty-handler-4.1.45.Final.jar;C:\Users\ALEJO\.m2\repository\io\netty\netty-handler-proxy\4.1.45.Final\netty-handler-proxy-4.1.45.Final.jar;C:\Users\ALEJO\.m2\repository\io\netty\netty-codec-socks\4.1.45.Final\netty-codec-socks-4.1.45.Final.jar;C:\Users\ALEJO\.m2\repository\io\netty\netty-transport-native-epoll\4.1.45.Final\netty-transport-native-epoll-4.1.45.Final-linux-x86_64.jar;C:\Users\ALEJO\.m2\repository\io\netty\netty-transport-native-unix-common\4.1.45.Final\netty-transport-native-unix-common-4.1.45.Final.jar;C:\Users\ALEJO\.m2\repository\org\glassfish\jakarta.el\3.0.3\jakarta.el-3.0.3.jar;C:\Users\ALEJO\.m2\repository\org\springframework\boot\spring-boot-starter-validation\2.2.5.RELEASE\spring-boot-starter-validation-2.2.5.RELEASE.jar;C:\Users\ALEJO\.m2\repository\jakarta\validation\jakarta.validation-api\2.0.2\jakarta.validation-api-2.0.2.jar;C:\Users\ALEJO\.m2\repository\org\hibernate\validator\hibernate-validator\6.0.18.Final\hibernate-validator-6.0.18.Final.jar;C:\Users\ALEJO\.m2\repository\org\jboss\logging\jboss-logging\3.4.1.Final\jboss-logging-3.4.1.Final.jar;C:\Users\ALEJO\.m2\repository\com\fasterxml\classmate\1.5.1\classmate-1.5.1.jar;C:\Users\ALEJO\.m2\repository\org\springframework\spring-webflux\5.2.4.RELEASE\spring-webflux-5.2.4.RELEASE.jar;C:\Users\ALEJO\.m2\repository\org\synchronoss\cloud\nio-multipart-parser\1.1.0\nio-multipart-parser-1.1.0.jar;C:\Users\ALEJO\.m2\repository\org\synchronoss\cloud\nio-stream-storage\1.1.3\nio-stream-storage-1.1.3.jar;C:\Users\ALEJO\.m2\repository\org\springframework\boot\spring-boot-configuration-processor\2.2.5.RELEASE\spring-boot-configuration-processor-2.2.5.RELEASE.jar;C:\Users\ALEJO\.m2\repository\org\springframework\cloud\spring-cloud-starter-netflix-hystrix\2.2.1.RELEASE\spring-cloud-starter-netflix-hystrix-2.2.1.RELEASE.jar;C:\Users\ALEJO\.m2\repository\org\springframework\cloud\spring-cloud-netflix-hystrix\2.2.1.RELEASE\spring-cloud-netflix-hystrix-2.2.1.RELEASE.jar;C:\Users\ALEJO\.m2\repository\org\springframework\cloud\spring-cloud-netflix-ribbon\2.2.1.RELEASE\spring-cloud-netflix-ribbon-2.2.1.RELEASE.jar;C:\Users\ALEJO\.m2\repository\org\springframework\cloud\spring-cloud-netflix-archaius\2.2.1.RELEASE\spring-cloud-netflix-archaius-2.2.1.RELEASE.jar;C:\Users\ALEJO\.m2\repository\org\springframework\cloud\spring-cloud-starter-netflix-archaius\2.2.1.RELEASE\spring-cloud-starter-netflix-archaius-2.2.1.RELEASE.jar;C:\Users\ALEJO\.m2\repository\com\netflix\archaius\archaius-core\0.7.6\archaius-core-0.7.6.jar;C:\Users\ALEJO\.m2\repository\com\google\code\findbugs\jsr305\3.0.1\jsr305-3.0.1.jar;C:\Users\ALEJO\.m2\repository\commons-configuration\commons-configuration\1.8\commons-configuration-1.8.jar;C:\Users\ALEJO\.m2\repository\commons-lang\commons-lang\2.6\commons-lang-2.6.jar;C:\Users\ALEJO\.m2\repository\com\netflix\hystrix\hystrix-core\1.5.18\hystrix-core-1.5.18.jar;C:\Users\ALEJO\.m2\repository\io\reactivex\rxjava\1.3.8\rxjava-1.3.8.jar;C:\Users\ALEJO\.m2\repository\org\hdrhistogram\HdrHistogram\2.1.9\HdrHistogram-2.1.9.jar;C:\Users\ALEJO\.m2\repository\com\netflix\hystrix\hystrix-serialization\1.5.18\hystrix-serialization-1.5.18.jar;C:\Users\ALEJO\.m2\repository\com\fasterxml\jackson\module\jackson-module-afterburner\2.10.2\jackson-module-afterburner-2.10.2.jar;C:\Users\ALEJO\.m2\repository\com\netflix\hystrix\hystrix-metrics-event-stream\1.5.18\hystrix-metrics-event-stream-1.5.18.jar;C:\Users\ALEJO\.m2\repository\com\netflix\hystrix\hystrix-javanica\1.5.18\hystrix-javanica-1.5.18.jar;C:\Users\ALEJO\.m2\repository\org\apache\commons\commons-lang3\3.9\commons-lang3-3.9.jar;C:\Users\ALEJO\.m2\repository\org\ow2\asm\asm\5.0.4\asm-5.0.4.jar;C:\Users\ALEJO\.m2\repository\com\google\guava\guava\15.0\guava-15.0.jar;C:\Users\ALEJO\.m2\repository\io\reactivex\rxjava-reactive-streams\1.2.1\rxjava-reactive-streams-1.2.1.jar;C:\Users\ALEJO\.m2\repository\org\reactivestreams\reactive-streams\1.0.3\reactive-streams-1.0.3.jar;"/>
    <property name="sun.cpu.endian" value="little"/>
    <property name="user.home" value="C:\Users\ALEJO"/>
    <property name="user.language" value="es"/>
    <property name="java.specification.vendor" value="Oracle Corporation"/>
    <property name="java.version.date" value="2020-09-15"/>
    <property name="java.home" value="C:\Program Files\Java\jdk-15"/>
    <property name="file.separator" value="\"/>
    <property name="basedir" value="C:\Users\ALEJO\OneDrive\Toures-balon\toures-balon-api-gateway"/>
    <property name="java.vm.compressedOopsMode" value="32-bit"/>
    <property name="line.separator" value="&#10;"/>
    <property name="java.vm.specification.vendor" value="Oracle Corporation"/>
    <property name="java.specification.name" value="Java Platform API Specification"/>
    <property name="surefire.real.class.path" value="C:\Users\ALEJO\AppData\Local\Temp\surefire11118575490979359755\surefirebooter2642873284890631154.jar"/>
    <property name="user.script" value=""/>
    <property name="sun.management.compiler" value="HotSpot 64-Bit Tiered Compilers"/>
    <property name="java.runtime.version" value="15-ea+26-1287"/>
    <property name="user.name" value="ALEJO"/>
    <property name="path.separator" value=";"/>
    <property name="os.version" value="10.0"/>
    <property name="java.runtime.name" value="OpenJDK Runtime Environment"/>
    <property name="file.encoding" value="Cp1252"/>
    <property name="java.vm.name" value="OpenJDK 64-Bit Server VM"/>
    <property name="localRepository" value="C:\Users\ALEJO\.m2\repository"/>
    <property name="java.vendor.url.bug" value="https://bugreport.java.com/bugreport/"/>
    <property name="java.io.tmpdir" value="C:\Users\ALEJO\AppData\Local\Temp\"/>
    <property name="java.version" value="15-ea"/>
    <property name="user.dir" value="C:\Users\ALEJO\OneDrive\Toures-balon\toures-balon-api-gateway"/>
    <property name="os.arch" value="amd64"/>
    <property name="java.vm.specification.name" value="Java Virtual Machine Specification"/>
    <property name="sun.os.patch.level" value=""/>
    <property name="java.library.path" value="C:\Program Files\Java\jdk-15\bin;C:\WINDOWS\Sun\Java\bin;C:\WINDOWS\system32;C:\WINDOWS;C:\Program Files (x86)\Common Files\Oracle\Java\javapath;C:\Program Files (x86)\Intel\Intel(R) Management Engine Components\iCLS\;C:\Program Files\Intel\Intel(R) Management Engine Components\iCLS\;C:\WINDOWS\system32;C:\WINDOWS;C:\WINDOWS\System32\Wbem;C:\WINDOWS\System32\WindowsPowerShell\v1.0\;C:\Program Files (x86)\Intel\Intel(R) Management Engine Components\DAL;C:\Program Files\Intel\Intel(R) Management Engine Components\DAL;C:\Program Files (x86)\Intel\Intel(R) Management Engine Components\IPT;C:\Program Files\Intel\Intel(R) Management Engine Components\IPT;C:\Program Files\Git\cmd;C:\Program Files\nodejs\;C:\WINDOWS\System32\OpenSSH\;C:\xampp\php;C:\ProgramData\ComposerSetup\bin;C:\PROGRA~2\PICC;C:\Program Files\Docker\Docker\resources\bin;C:\ProgramData\DockerDesktop\version-bin;C:\Users\ALEJO\AppData\Local\Microsoft\WindowsApps;C:\Program Files\Java\jdk-15\bin;C:\Program Files\maven\apache-maven-3.5.4\bin;C:\Program Files\maven\apache-maven-3.5.4\bin;C:\Users\ALEJO\AppData\Roaming\npm;C:\Program Files (x86)\Nmap;C:\Users\ALEJO\AppData\Roaming\Composer\vendor\bin;C:\Users\ALEJO\AppData\Local\Programs\Microsoft VS Code\bin;;."/>
    <property name="java.vm.info" value="mixed mode, sharing"/>
    <property name="java.vendor" value="Oracle Corporation"/>
    <property name="java.vm.version" value="15-ea+26-1287"/>
    <property name="sun.io.unicode.encoding" value="UnicodeLittle"/>
    <property name="java.class.version" value="59.0"/>
  </properties>
  <testcase name="contextLoads" classname="com.toures.balon.TouresBalonApiGateway1ApplicationTests" time="0.708"/>
</testsuite>